ARM GAS  /tmp/cccERrER.s 			page 1


   1              		.cpu cortex-m7
   2              		.eabi_attribute 27, 1
   3              		.eabi_attribute 28, 1
   4              		.eabi_attribute 20, 1
   5              		.eabi_attribute 21, 1
   6              		.eabi_attribute 23, 3
   7              		.eabi_attribute 24, 1
   8              		.eabi_attribute 25, 1
   9              		.eabi_attribute 26, 1
  10              		.eabi_attribute 30, 2
  11              		.eabi_attribute 34, 1
  12              		.eabi_attribute 18, 4
  13              		.file	"rtc.c"
  14              		.text
  15              	.Ltext0:
  16              		.cfi_sections	.debug_frame
  17              		.section	.text.MX_RTC_Init,"ax",%progbits
  18              		.align	1
  19              		.p2align 2,,3
  20              		.global	MX_RTC_Init
  21              		.syntax unified
  22              		.thumb
  23              		.thumb_func
  24              		.fpu fpv4-sp-d16
  26              	MX_RTC_Init:
  27              	.LFB138:
  28              		.file 1 "Src/rtc.c"
   1:Src/rtc.c     **** /**
   2:Src/rtc.c     ****   ******************************************************************************
   3:Src/rtc.c     ****   * File Name          : RTC.c
   4:Src/rtc.c     ****   * Description        : This file provides code for the configuration
   5:Src/rtc.c     ****   *                      of the RTC instances.
   6:Src/rtc.c     ****   ******************************************************************************
   7:Src/rtc.c     ****   ** This notice applies to any and all portions of this file
   8:Src/rtc.c     ****   * that are not between comment pairs USER CODE BEGIN and
   9:Src/rtc.c     ****   * USER CODE END. Other portions of this file, whether 
  10:Src/rtc.c     ****   * inserted by the user or by software development tools
  11:Src/rtc.c     ****   * are owned by their respective copyright owners.
  12:Src/rtc.c     ****   *
  13:Src/rtc.c     ****   * COPYRIGHT(c) 2018 STMicroelectronics
  14:Src/rtc.c     ****   *
  15:Src/rtc.c     ****   * Redistribution and use in source and binary forms, with or without modification,
  16:Src/rtc.c     ****   * are permitted provided that the following conditions are met:
  17:Src/rtc.c     ****   *   1. Redistributions of source code must retain the above copyright notice,
  18:Src/rtc.c     ****   *      this list of conditions and the following disclaimer.
  19:Src/rtc.c     ****   *   2. Redistributions in binary form must reproduce the above copyright notice,
  20:Src/rtc.c     ****   *      this list of conditions and the following disclaimer in the documentation
  21:Src/rtc.c     ****   *      and/or other materials provided with the distribution.
  22:Src/rtc.c     ****   *   3. Neither the name of STMicroelectronics nor the names of its contributors
  23:Src/rtc.c     ****   *      may be used to endorse or promote products derived from this software
  24:Src/rtc.c     ****   *      without specific prior written permission.
  25:Src/rtc.c     ****   *
  26:Src/rtc.c     ****   * THIS SOFTWARE IS PROVIDED BY THE COPYRIGHT HOLDERS AND CONTRIBUTORS "AS IS"
  27:Src/rtc.c     ****   * AND ANY EXPRESS OR IMPLIED WARRANTIES, INCLUDING, BUT NOT LIMITED TO, THE
  28:Src/rtc.c     ****   * IMPLIED WARRANTIES OF MERCHANTABILITY AND FITNESS FOR A PARTICULAR PURPOSE ARE
  29:Src/rtc.c     ****   * DISCLAIMED. IN NO EVENT SHALL THE COPYRIGHT HOLDER OR CONTRIBUTORS BE LIABLE
  30:Src/rtc.c     ****   * FOR ANY DIRECT, INDIRECT, INCIDENTAL, SPECIAL, EXEMPLARY, OR CONSEQUENTIAL
ARM GAS  /tmp/cccERrER.s 			page 2


  31:Src/rtc.c     ****   * DAMAGES (INCLUDING, BUT NOT LIMITED TO, PROCUREMENT OF SUBSTITUTE GOODS OR
  32:Src/rtc.c     ****   * SERVICES; LOSS OF USE, DATA, OR PROFITS; OR BUSINESS INTERRUPTION) HOWEVER
  33:Src/rtc.c     ****   * CAUSED AND ON ANY THEORY OF LIABILITY, WHETHER IN CONTRACT, STRICT LIABILITY,
  34:Src/rtc.c     ****   * OR TORT (INCLUDING NEGLIGENCE OR OTHERWISE) ARISING IN ANY WAY OUT OF THE USE
  35:Src/rtc.c     ****   * OF THIS SOFTWARE, EVEN IF ADVISED OF THE POSSIBILITY OF SUCH DAMAGE.
  36:Src/rtc.c     ****   *
  37:Src/rtc.c     ****   ******************************************************************************
  38:Src/rtc.c     ****   */
  39:Src/rtc.c     **** 
  40:Src/rtc.c     **** /* Includes ------------------------------------------------------------------*/
  41:Src/rtc.c     **** #include "rtc.h"
  42:Src/rtc.c     **** 
  43:Src/rtc.c     **** /* USER CODE BEGIN 0 */
  44:Src/rtc.c     **** 
  45:Src/rtc.c     **** /* USER CODE END 0 */
  46:Src/rtc.c     **** 
  47:Src/rtc.c     **** RTC_HandleTypeDef hrtc;
  48:Src/rtc.c     **** 
  49:Src/rtc.c     **** /* RTC init function */
  50:Src/rtc.c     **** void MX_RTC_Init(void)
  51:Src/rtc.c     **** {
  29              		.loc 1 51 0
  30              		.cfi_startproc
  31              		@ args = 0, pretend = 0, frame = 0
  32              		@ frame_needed = 0, uses_anonymous_args = 0
  33 0000 38B5     		push	{r3, r4, r5, lr}
  34              	.LCFI0:
  35              		.cfi_def_cfa_offset 16
  36              		.cfi_offset 3, -16
  37              		.cfi_offset 4, -12
  38              		.cfi_offset 5, -8
  39              		.cfi_offset 14, -4
  52:Src/rtc.c     **** 
  53:Src/rtc.c     ****     /**Initialize RTC Only 
  54:Src/rtc.c     ****     */
  55:Src/rtc.c     ****   hrtc.Instance = RTC;
  40              		.loc 1 55 0
  41 0002 0B4B     		ldr	r3, .L6
  56:Src/rtc.c     ****   hrtc.Init.HourFormat = RTC_HOURFORMAT_24;
  42              		.loc 1 56 0
  43 0004 0022     		movs	r2, #0
  57:Src/rtc.c     ****   hrtc.Init.AsynchPrediv = 127;
  44              		.loc 1 57 0
  45 0006 7F24     		movs	r4, #127
  55:Src/rtc.c     ****   hrtc.Init.HourFormat = RTC_HOURFORMAT_24;
  46              		.loc 1 55 0
  47 0008 0A4D     		ldr	r5, .L6+4
  58:Src/rtc.c     ****   hrtc.Init.SynchPrediv = 255;
  48              		.loc 1 58 0
  49 000a FF21     		movs	r1, #255
  59:Src/rtc.c     ****   hrtc.Init.OutPut = RTC_OUTPUT_DISABLE;
  60:Src/rtc.c     ****   hrtc.Init.OutPutPolarity = RTC_OUTPUT_POLARITY_HIGH;
  61:Src/rtc.c     ****   hrtc.Init.OutPutType = RTC_OUTPUT_TYPE_OPENDRAIN;
  62:Src/rtc.c     ****   if (HAL_RTC_Init(&hrtc) != HAL_OK)
  50              		.loc 1 62 0
  51 000c 1846     		mov	r0, r3
  55:Src/rtc.c     ****   hrtc.Init.HourFormat = RTC_HOURFORMAT_24;
ARM GAS  /tmp/cccERrER.s 			page 3


  52              		.loc 1 55 0
  53 000e 1D60     		str	r5, [r3]
  56:Src/rtc.c     ****   hrtc.Init.AsynchPrediv = 127;
  54              		.loc 1 56 0
  55 0010 5A60     		str	r2, [r3, #4]
  61:Src/rtc.c     ****   if (HAL_RTC_Init(&hrtc) != HAL_OK)
  56              		.loc 1 61 0
  57 0012 9A61     		str	r2, [r3, #24]
  58:Src/rtc.c     ****   hrtc.Init.OutPut = RTC_OUTPUT_DISABLE;
  58              		.loc 1 58 0
  59 0014 C3E90241 		strd	r4, r1, [r3, #8]
  60:Src/rtc.c     ****   hrtc.Init.OutPutType = RTC_OUTPUT_TYPE_OPENDRAIN;
  60              		.loc 1 60 0
  61 0018 C3E90422 		strd	r2, r2, [r3, #16]
  62              		.loc 1 62 0
  63 001c FFF7FEFF 		bl	HAL_RTC_Init
  64              	.LVL0:
  65 0020 00B9     		cbnz	r0, .L5
  63:Src/rtc.c     ****   {
  64:Src/rtc.c     ****     _Error_Handler(__FILE__, __LINE__);
  65:Src/rtc.c     ****   }
  66:Src/rtc.c     **** 
  67:Src/rtc.c     **** }
  66              		.loc 1 67 0
  67 0022 38BD     		pop	{r3, r4, r5, pc}
  68              	.L5:
  64:Src/rtc.c     ****   }
  69              		.loc 1 64 0
  70 0024 4021     		movs	r1, #64
  71 0026 0448     		ldr	r0, .L6+8
  72              		.loc 1 67 0
  73 0028 BDE83840 		pop	{r3, r4, r5, lr}
  74              	.LCFI1:
  75              		.cfi_restore 14
  76              		.cfi_restore 5
  77              		.cfi_restore 4
  78              		.cfi_restore 3
  79              		.cfi_def_cfa_offset 0
  64:Src/rtc.c     ****   }
  80              		.loc 1 64 0
  81 002c FFF7FEBF 		b	_Error_Handler
  82              	.LVL1:
  83              	.L7:
  84              		.align	2
  85              	.L6:
  86 0030 00000000 		.word	hrtc
  87 0034 00280040 		.word	1073752064
  88 0038 00000000 		.word	.LC0
  89              		.cfi_endproc
  90              	.LFE138:
  92              		.section	.text.HAL_RTC_MspInit,"ax",%progbits
  93              		.align	1
  94              		.p2align 2,,3
  95              		.global	HAL_RTC_MspInit
  96              		.syntax unified
  97              		.thumb
  98              		.thumb_func
ARM GAS  /tmp/cccERrER.s 			page 4


  99              		.fpu fpv4-sp-d16
 101              	HAL_RTC_MspInit:
 102              	.LFB139:
  68:Src/rtc.c     **** 
  69:Src/rtc.c     **** void HAL_RTC_MspInit(RTC_HandleTypeDef* rtcHandle)
  70:Src/rtc.c     **** {
 103              		.loc 1 70 0
 104              		.cfi_startproc
 105              		@ args = 0, pretend = 0, frame = 0
 106              		@ frame_needed = 0, uses_anonymous_args = 0
 107              		@ link register save eliminated.
 108              	.LVL2:
  71:Src/rtc.c     **** 
  72:Src/rtc.c     ****   if(rtcHandle->Instance==RTC)
 109              		.loc 1 72 0
 110 0000 0268     		ldr	r2, [r0]
 111 0002 044B     		ldr	r3, .L10
 112 0004 9A42     		cmp	r2, r3
 113 0006 04D1     		bne	.L8
  73:Src/rtc.c     ****   {
  74:Src/rtc.c     ****   /* USER CODE BEGIN RTC_MspInit 0 */
  75:Src/rtc.c     **** 
  76:Src/rtc.c     ****   /* USER CODE END RTC_MspInit 0 */
  77:Src/rtc.c     ****     /* RTC clock enable */
  78:Src/rtc.c     ****     __HAL_RCC_RTC_ENABLE();
 114              		.loc 1 78 0
 115 0008 034A     		ldr	r2, .L10+4
 116 000a 136F     		ldr	r3, [r2, #112]
 117 000c 43F40043 		orr	r3, r3, #32768
 118 0010 1367     		str	r3, [r2, #112]
 119              	.L8:
  79:Src/rtc.c     ****   /* USER CODE BEGIN RTC_MspInit 1 */
  80:Src/rtc.c     **** 
  81:Src/rtc.c     ****   /* USER CODE END RTC_MspInit 1 */
  82:Src/rtc.c     ****   }
  83:Src/rtc.c     **** }
 120              		.loc 1 83 0
 121 0012 7047     		bx	lr
 122              	.L11:
 123              		.align	2
 124              	.L10:
 125 0014 00280040 		.word	1073752064
 126 0018 00380240 		.word	1073887232
 127              		.cfi_endproc
 128              	.LFE139:
 130              		.section	.text.HAL_RTC_MspDeInit,"ax",%progbits
 131              		.align	1
 132              		.p2align 2,,3
 133              		.global	HAL_RTC_MspDeInit
 134              		.syntax unified
 135              		.thumb
 136              		.thumb_func
 137              		.fpu fpv4-sp-d16
 139              	HAL_RTC_MspDeInit:
 140              	.LFB140:
  84:Src/rtc.c     **** 
  85:Src/rtc.c     **** void HAL_RTC_MspDeInit(RTC_HandleTypeDef* rtcHandle)
ARM GAS  /tmp/cccERrER.s 			page 5


  86:Src/rtc.c     **** {
 141              		.loc 1 86 0
 142              		.cfi_startproc
 143              		@ args = 0, pretend = 0, frame = 0
 144              		@ frame_needed = 0, uses_anonymous_args = 0
 145              		@ link register save eliminated.
 146              	.LVL3:
  87:Src/rtc.c     **** 
  88:Src/rtc.c     ****   if(rtcHandle->Instance==RTC)
 147              		.loc 1 88 0
 148 0000 0268     		ldr	r2, [r0]
 149 0002 044B     		ldr	r3, .L14
 150 0004 9A42     		cmp	r2, r3
 151 0006 04D1     		bne	.L12
  89:Src/rtc.c     ****   {
  90:Src/rtc.c     ****   /* USER CODE BEGIN RTC_MspDeInit 0 */
  91:Src/rtc.c     **** 
  92:Src/rtc.c     ****   /* USER CODE END RTC_MspDeInit 0 */
  93:Src/rtc.c     ****     /* Peripheral clock disable */
  94:Src/rtc.c     ****     __HAL_RCC_RTC_DISABLE();
 152              		.loc 1 94 0
 153 0008 034A     		ldr	r2, .L14+4
 154 000a 136F     		ldr	r3, [r2, #112]
 155 000c 23F40043 		bic	r3, r3, #32768
 156 0010 1367     		str	r3, [r2, #112]
 157              	.L12:
  95:Src/rtc.c     ****   /* USER CODE BEGIN RTC_MspDeInit 1 */
  96:Src/rtc.c     **** 
  97:Src/rtc.c     ****   /* USER CODE END RTC_MspDeInit 1 */
  98:Src/rtc.c     ****   }
  99:Src/rtc.c     **** } 
 158              		.loc 1 99 0
 159 0012 7047     		bx	lr
 160              	.L15:
 161              		.align	2
 162              	.L14:
 163 0014 00280040 		.word	1073752064
 164 0018 00380240 		.word	1073887232
 165              		.cfi_endproc
 166              	.LFE140:
 168              		.comm	hrtc,32,4
 169              		.comm	UpdateFile,4,4
 170              		.comm	SpiRxData,4,4
 171              		.comm	SpiTxData,4,4
 172              		.section	.rodata.MX_RTC_Init.str1.4,"aMS",%progbits,1
 173              		.align	2
 174              	.LC0:
 175 0000 5372632F 		.ascii	"Src/rtc.c\000"
 175      7274632E 
 175      6300
 176              		.text
 177              	.Letext0:
 178              		.file 2 "/usr/include/newlib/machine/_default_types.h"
 179              		.file 3 "/usr/include/newlib/sys/lock.h"
 180              		.file 4 "/usr/include/newlib/sys/_types.h"
 181              		.file 5 "/usr/lib/gcc/arm-none-eabi/7.3.1/include/stddef.h"
 182              		.file 6 "/usr/include/newlib/sys/reent.h"
ARM GAS  /tmp/cccERrER.s 			page 6


 183              		.file 7 "/usr/include/newlib/sys/_stdint.h"
 184              		.file 8 "Inc/main.h"
 185              		.file 9 "Drivers/CMSIS/Include/core_cm7.h"
 186              		.file 10 "Drivers/CMSIS/Device/ST/STM32F7xx/Include/system_stm32f7xx.h"
 187              		.file 11 "Drivers/CMSIS/Device/ST/STM32F7xx/Include/stm32f746xx.h"
 188              		.file 12 "Drivers/STM32F7xx_HAL_Driver/Inc/stm32f7xx_hal_def.h"
 189              		.file 13 "Drivers/STM32F7xx_HAL_Driver/Inc/stm32f7xx_hal_rtc.h"
 190              		.file 14 "Inc/rtc.h"
ARM GAS  /tmp/cccERrER.s 			page 7


DEFINED SYMBOLS
                            *ABS*:0000000000000000 rtc.c
     /tmp/cccERrER.s:18     .text.MX_RTC_Init:0000000000000000 $t
     /tmp/cccERrER.s:26     .text.MX_RTC_Init:0000000000000000 MX_RTC_Init
     /tmp/cccERrER.s:86     .text.MX_RTC_Init:0000000000000030 $d
                            *COM*:0000000000000020 hrtc
     /tmp/cccERrER.s:93     .text.HAL_RTC_MspInit:0000000000000000 $t
     /tmp/cccERrER.s:101    .text.HAL_RTC_MspInit:0000000000000000 HAL_RTC_MspInit
     /tmp/cccERrER.s:125    .text.HAL_RTC_MspInit:0000000000000014 $d
     /tmp/cccERrER.s:131    .text.HAL_RTC_MspDeInit:0000000000000000 $t
     /tmp/cccERrER.s:139    .text.HAL_RTC_MspDeInit:0000000000000000 HAL_RTC_MspDeInit
     /tmp/cccERrER.s:163    .text.HAL_RTC_MspDeInit:0000000000000014 $d
                            *COM*:0000000000000004 UpdateFile
                            *COM*:0000000000000004 SpiRxData
                            *COM*:0000000000000004 SpiTxData
     /tmp/cccERrER.s:173    .rodata.MX_RTC_Init.str1.4:0000000000000000 $d

UNDEFINED SYMBOLS
HAL_RTC_Init
_Error_Handler
