ARM GAS  /tmp/ccT8MsDH.s 			page 1


   1              		.cpu cortex-m7
   2              		.eabi_attribute 27, 1
   3              		.eabi_attribute 28, 1
   4              		.eabi_attribute 20, 1
   5              		.eabi_attribute 21, 1
   6              		.eabi_attribute 23, 3
   7              		.eabi_attribute 24, 1
   8              		.eabi_attribute 25, 1
   9              		.eabi_attribute 26, 1
  10              		.eabi_attribute 30, 6
  11              		.eabi_attribute 34, 1
  12              		.eabi_attribute 18, 4
  13              		.file	"stm32f7xx_hal_msp.c"
  14              		.text
  15              	.Ltext0:
  16              		.cfi_sections	.debug_frame
  17              		.comm	SpiTxData,4,4
  18              		.comm	SpiRxData,4,4
  19              		.comm	UpdateFile,4,4
  20              		.section	.text.HAL_MspInit,"ax",%progbits
  21              		.align	1
  22              		.global	HAL_MspInit
  23              		.syntax unified
  24              		.thumb
  25              		.thumb_func
  26              		.fpu fpv4-sp-d16
  28              	HAL_MspInit:
  29              	.LFB138:
  30              		.file 1 "Src/stm32f7xx_hal_msp.c"
   1:Src/stm32f7xx_hal_msp.c **** /**
   2:Src/stm32f7xx_hal_msp.c ****   ******************************************************************************
   3:Src/stm32f7xx_hal_msp.c ****   * File Name          : stm32f7xx_hal_msp.c
   4:Src/stm32f7xx_hal_msp.c ****   * Description        : This file provides code for the MSP Initialization 
   5:Src/stm32f7xx_hal_msp.c ****   *                      and de-Initialization codes.
   6:Src/stm32f7xx_hal_msp.c ****   ******************************************************************************
   7:Src/stm32f7xx_hal_msp.c ****   ** This notice applies to any and all portions of this file
   8:Src/stm32f7xx_hal_msp.c ****   * that are not between comment pairs USER CODE BEGIN and
   9:Src/stm32f7xx_hal_msp.c ****   * USER CODE END. Other portions of this file, whether 
  10:Src/stm32f7xx_hal_msp.c ****   * inserted by the user or by software development tools
  11:Src/stm32f7xx_hal_msp.c ****   * are owned by their respective copyright owners.
  12:Src/stm32f7xx_hal_msp.c ****   *
  13:Src/stm32f7xx_hal_msp.c ****   * COPYRIGHT(c) 2018 STMicroelectronics
  14:Src/stm32f7xx_hal_msp.c ****   *
  15:Src/stm32f7xx_hal_msp.c ****   * Redistribution and use in source and binary forms, with or without modification,
  16:Src/stm32f7xx_hal_msp.c ****   * are permitted provided that the following conditions are met:
  17:Src/stm32f7xx_hal_msp.c ****   *   1. Redistributions of source code must retain the above copyright notice,
  18:Src/stm32f7xx_hal_msp.c ****   *      this list of conditions and the following disclaimer.
  19:Src/stm32f7xx_hal_msp.c ****   *   2. Redistributions in binary form must reproduce the above copyright notice,
  20:Src/stm32f7xx_hal_msp.c ****   *      this list of conditions and the following disclaimer in the documentation
  21:Src/stm32f7xx_hal_msp.c ****   *      and/or other materials provided with the distribution.
  22:Src/stm32f7xx_hal_msp.c ****   *   3. Neither the name of STMicroelectronics nor the names of its contributors
  23:Src/stm32f7xx_hal_msp.c ****   *      may be used to endorse or promote products derived from this software
  24:Src/stm32f7xx_hal_msp.c ****   *      without specific prior written permission.
  25:Src/stm32f7xx_hal_msp.c ****   *
  26:Src/stm32f7xx_hal_msp.c ****   * THIS SOFTWARE IS PROVIDED BY THE COPYRIGHT HOLDERS AND CONTRIBUTORS "AS IS"
  27:Src/stm32f7xx_hal_msp.c ****   * AND ANY EXPRESS OR IMPLIED WARRANTIES, INCLUDING, BUT NOT LIMITED TO, THE
  28:Src/stm32f7xx_hal_msp.c ****   * IMPLIED WARRANTIES OF MERCHANTABILITY AND FITNESS FOR A PARTICULAR PURPOSE ARE
ARM GAS  /tmp/ccT8MsDH.s 			page 2


  29:Src/stm32f7xx_hal_msp.c ****   * DISCLAIMED. IN NO EVENT SHALL THE COPYRIGHT HOLDER OR CONTRIBUTORS BE LIABLE
  30:Src/stm32f7xx_hal_msp.c ****   * FOR ANY DIRECT, INDIRECT, INCIDENTAL, SPECIAL, EXEMPLARY, OR CONSEQUENTIAL
  31:Src/stm32f7xx_hal_msp.c ****   * DAMAGES (INCLUDING, BUT NOT LIMITED TO, PROCUREMENT OF SUBSTITUTE GOODS OR
  32:Src/stm32f7xx_hal_msp.c ****   * SERVICES; LOSS OF USE, DATA, OR PROFITS; OR BUSINESS INTERRUPTION) HOWEVER
  33:Src/stm32f7xx_hal_msp.c ****   * CAUSED AND ON ANY THEORY OF LIABILITY, WHETHER IN CONTRACT, STRICT LIABILITY,
  34:Src/stm32f7xx_hal_msp.c ****   * OR TORT (INCLUDING NEGLIGENCE OR OTHERWISE) ARISING IN ANY WAY OUT OF THE USE
  35:Src/stm32f7xx_hal_msp.c ****   * OF THIS SOFTWARE, EVEN IF ADVISED OF THE POSSIBILITY OF SUCH DAMAGE.
  36:Src/stm32f7xx_hal_msp.c ****   *
  37:Src/stm32f7xx_hal_msp.c ****   ******************************************************************************
  38:Src/stm32f7xx_hal_msp.c ****   */
  39:Src/stm32f7xx_hal_msp.c **** /* Includes ------------------------------------------------------------------*/
  40:Src/stm32f7xx_hal_msp.c **** #include "stm32f7xx_hal.h"
  41:Src/stm32f7xx_hal_msp.c **** 
  42:Src/stm32f7xx_hal_msp.c **** extern void _Error_Handler(char *, int);
  43:Src/stm32f7xx_hal_msp.c **** /* USER CODE BEGIN 0 */
  44:Src/stm32f7xx_hal_msp.c **** 
  45:Src/stm32f7xx_hal_msp.c **** /* USER CODE END 0 */
  46:Src/stm32f7xx_hal_msp.c **** /**
  47:Src/stm32f7xx_hal_msp.c ****   * Initializes the Global MSP.
  48:Src/stm32f7xx_hal_msp.c ****   */
  49:Src/stm32f7xx_hal_msp.c **** void HAL_MspInit(void)
  50:Src/stm32f7xx_hal_msp.c **** {
  31              		.loc 1 50 0
  32              		.cfi_startproc
  33              		@ args = 0, pretend = 0, frame = 0
  34              		@ frame_needed = 1, uses_anonymous_args = 0
  35 0000 80B5     		push	{r7, lr}
  36              	.LCFI0:
  37              		.cfi_def_cfa_offset 8
  38              		.cfi_offset 7, -8
  39              		.cfi_offset 14, -4
  40 0002 00AF     		add	r7, sp, #0
  41              	.LCFI1:
  42              		.cfi_def_cfa_register 7
  51:Src/stm32f7xx_hal_msp.c ****   /* USER CODE BEGIN MspInit 0 */
  52:Src/stm32f7xx_hal_msp.c **** 
  53:Src/stm32f7xx_hal_msp.c ****   /* USER CODE END MspInit 0 */
  54:Src/stm32f7xx_hal_msp.c **** 
  55:Src/stm32f7xx_hal_msp.c ****   HAL_NVIC_SetPriorityGrouping(NVIC_PRIORITYGROUP_4);
  43              		.loc 1 55 0
  44 0004 0320     		movs	r0, #3
  45 0006 FFF7FEFF 		bl	HAL_NVIC_SetPriorityGrouping
  56:Src/stm32f7xx_hal_msp.c **** 
  57:Src/stm32f7xx_hal_msp.c ****   /* System interrupt init*/
  58:Src/stm32f7xx_hal_msp.c ****   /* MemoryManagement_IRQn interrupt configuration */
  59:Src/stm32f7xx_hal_msp.c ****   HAL_NVIC_SetPriority(MemoryManagement_IRQn, 0, 0);
  46              		.loc 1 59 0
  47 000a 0022     		movs	r2, #0
  48 000c 0021     		movs	r1, #0
  49 000e 6FF00B00 		mvn	r0, #11
  50 0012 FFF7FEFF 		bl	HAL_NVIC_SetPriority
  60:Src/stm32f7xx_hal_msp.c ****   /* BusFault_IRQn interrupt configuration */
  61:Src/stm32f7xx_hal_msp.c ****   HAL_NVIC_SetPriority(BusFault_IRQn, 0, 0);
  51              		.loc 1 61 0
  52 0016 0022     		movs	r2, #0
  53 0018 0021     		movs	r1, #0
  54 001a 6FF00A00 		mvn	r0, #10
ARM GAS  /tmp/ccT8MsDH.s 			page 3


  55 001e FFF7FEFF 		bl	HAL_NVIC_SetPriority
  62:Src/stm32f7xx_hal_msp.c ****   /* UsageFault_IRQn interrupt configuration */
  63:Src/stm32f7xx_hal_msp.c ****   HAL_NVIC_SetPriority(UsageFault_IRQn, 0, 0);
  56              		.loc 1 63 0
  57 0022 0022     		movs	r2, #0
  58 0024 0021     		movs	r1, #0
  59 0026 6FF00900 		mvn	r0, #9
  60 002a FFF7FEFF 		bl	HAL_NVIC_SetPriority
  64:Src/stm32f7xx_hal_msp.c ****   /* SVCall_IRQn interrupt configuration */
  65:Src/stm32f7xx_hal_msp.c ****   HAL_NVIC_SetPriority(SVCall_IRQn, 0, 0);
  61              		.loc 1 65 0
  62 002e 0022     		movs	r2, #0
  63 0030 0021     		movs	r1, #0
  64 0032 6FF00400 		mvn	r0, #4
  65 0036 FFF7FEFF 		bl	HAL_NVIC_SetPriority
  66:Src/stm32f7xx_hal_msp.c ****   /* DebugMonitor_IRQn interrupt configuration */
  67:Src/stm32f7xx_hal_msp.c ****   HAL_NVIC_SetPriority(DebugMonitor_IRQn, 0, 0);
  66              		.loc 1 67 0
  67 003a 0022     		movs	r2, #0
  68 003c 0021     		movs	r1, #0
  69 003e 6FF00300 		mvn	r0, #3
  70 0042 FFF7FEFF 		bl	HAL_NVIC_SetPriority
  68:Src/stm32f7xx_hal_msp.c ****   /* PendSV_IRQn interrupt configuration */
  69:Src/stm32f7xx_hal_msp.c ****   HAL_NVIC_SetPriority(PendSV_IRQn, 0, 0);
  71              		.loc 1 69 0
  72 0046 0022     		movs	r2, #0
  73 0048 0021     		movs	r1, #0
  74 004a 6FF00100 		mvn	r0, #1
  75 004e FFF7FEFF 		bl	HAL_NVIC_SetPriority
  70:Src/stm32f7xx_hal_msp.c ****   /* SysTick_IRQn interrupt configuration */
  71:Src/stm32f7xx_hal_msp.c ****   HAL_NVIC_SetPriority(SysTick_IRQn, 0, 0);
  76              		.loc 1 71 0
  77 0052 0022     		movs	r2, #0
  78 0054 0021     		movs	r1, #0
  79 0056 4FF0FF30 		mov	r0, #-1
  80 005a FFF7FEFF 		bl	HAL_NVIC_SetPriority
  72:Src/stm32f7xx_hal_msp.c **** 
  73:Src/stm32f7xx_hal_msp.c ****   /* USER CODE BEGIN MspInit 1 */
  74:Src/stm32f7xx_hal_msp.c **** 
  75:Src/stm32f7xx_hal_msp.c ****   /* USER CODE END MspInit 1 */
  76:Src/stm32f7xx_hal_msp.c **** }
  81              		.loc 1 76 0
  82 005e 00BF     		nop
  83 0060 80BD     		pop	{r7, pc}
  84              		.cfi_endproc
  85              	.LFE138:
  87              		.text
  88              	.Letext0:
  89              		.file 2 "/usr/include/newlib/machine/_default_types.h"
  90              		.file 3 "/usr/include/newlib/sys/lock.h"
  91              		.file 4 "/usr/include/newlib/sys/_types.h"
  92              		.file 5 "/usr/lib/gcc/arm-none-eabi/7.3.1/include/stddef.h"
  93              		.file 6 "/usr/include/newlib/sys/reent.h"
  94              		.file 7 "/usr/include/newlib/sys/_stdint.h"
  95              		.file 8 "Inc/main.h"
  96              		.file 9 "Drivers/CMSIS/Include/core_cm7.h"
  97              		.file 10 "Drivers/CMSIS/Device/ST/STM32F7xx/Include/system_stm32f7xx.h"
ARM GAS  /tmp/ccT8MsDH.s 			page 4


  98              		.file 11 "Drivers/CMSIS/Device/ST/STM32F7xx/Include/stm32f746xx.h"
ARM GAS  /tmp/ccT8MsDH.s 			page 5


DEFINED SYMBOLS
                            *ABS*:0000000000000000 stm32f7xx_hal_msp.c
                            *COM*:0000000000000004 SpiTxData
                            *COM*:0000000000000004 SpiRxData
                            *COM*:0000000000000004 UpdateFile
     /tmp/ccT8MsDH.s:21     .text.HAL_MspInit:0000000000000000 $t
     /tmp/ccT8MsDH.s:28     .text.HAL_MspInit:0000000000000000 HAL_MspInit

UNDEFINED SYMBOLS
HAL_NVIC_SetPriorityGrouping
HAL_NVIC_SetPriority
