ARM GAS  /tmp/cc8iULC0.s 			page 1


   1              		.cpu cortex-m7
   2              		.eabi_attribute 27, 1
   3              		.eabi_attribute 28, 1
   4              		.eabi_attribute 20, 1
   5              		.eabi_attribute 21, 1
   6              		.eabi_attribute 23, 3
   7              		.eabi_attribute 24, 1
   8              		.eabi_attribute 25, 1
   9              		.eabi_attribute 26, 1
  10              		.eabi_attribute 30, 6
  11              		.eabi_attribute 34, 1
  12              		.eabi_attribute 18, 4
  13              		.file	"gpio.c"
  14              		.text
  15              	.Ltext0:
  16              		.cfi_sections	.debug_frame
  17              		.section	.text.MX_GPIO_Init,"ax",%progbits
  18              		.align	1
  19              		.global	MX_GPIO_Init
  20              		.syntax unified
  21              		.thumb
  22              		.thumb_func
  23              		.fpu fpv4-sp-d16
  25              	MX_GPIO_Init:
  26              	.LFB138:
  27              		.file 1 "Src/gpio.c"
   1:Src/gpio.c    **** /**
   2:Src/gpio.c    ****   ******************************************************************************
   3:Src/gpio.c    ****   * File Name          : gpio.c
   4:Src/gpio.c    ****   * Description        : This file provides code for the configuration
   5:Src/gpio.c    ****   *                      of all used GPIO pins.
   6:Src/gpio.c    ****   ******************************************************************************
   7:Src/gpio.c    ****   * This notice applies to any and all portions of this file
   8:Src/gpio.c    ****   * that are not between comment pairs USER CODE BEGIN and
   9:Src/gpio.c    ****   * USER CODE END. Other portions of this file, whether 
  10:Src/gpio.c    ****   * inserted by the user or by software development tools
  11:Src/gpio.c    ****   * are owned by their respective copyright owners.
  12:Src/gpio.c    ****   *
  13:Src/gpio.c    ****   * Copyright (c) 2018 STMicroelectronics International N.V. 
  14:Src/gpio.c    ****   * All rights reserved.
  15:Src/gpio.c    ****   *
  16:Src/gpio.c    ****   * Redistribution and use in source and binary forms, with or without 
  17:Src/gpio.c    ****   * modification, are permitted, provided that the following conditions are met:
  18:Src/gpio.c    ****   *
  19:Src/gpio.c    ****   * 1. Redistribution of source code must retain the above copyright notice, 
  20:Src/gpio.c    ****   *    this list of conditions and the following disclaimer.
  21:Src/gpio.c    ****   * 2. Redistributions in binary form must reproduce the above copyright notice,
  22:Src/gpio.c    ****   *    this list of conditions and the following disclaimer in the documentation
  23:Src/gpio.c    ****   *    and/or other materials provided with the distribution.
  24:Src/gpio.c    ****   * 3. Neither the name of STMicroelectronics nor the names of other 
  25:Src/gpio.c    ****   *    contributors to this software may be used to endorse or promote products 
  26:Src/gpio.c    ****   *    derived from this software without specific written permission.
  27:Src/gpio.c    ****   * 4. This software, including modifications and/or derivative works of this 
  28:Src/gpio.c    ****   *    software, must execute solely and exclusively on microcontroller or
  29:Src/gpio.c    ****   *    microprocessor devices manufactured by or for STMicroelectronics.
  30:Src/gpio.c    ****   * 5. Redistribution and use of this software other than as permitted under 
  31:Src/gpio.c    ****   *    this license is void and will automatically terminate your rights under 
ARM GAS  /tmp/cc8iULC0.s 			page 2


  32:Src/gpio.c    ****   *    this license. 
  33:Src/gpio.c    ****   *
  34:Src/gpio.c    ****   * THIS SOFTWARE IS PROVIDED BY STMICROELECTRONICS AND CONTRIBUTORS "AS IS" 
  35:Src/gpio.c    ****   * AND ANY EXPRESS, IMPLIED OR STATUTORY WARRANTIES, INCLUDING, BUT NOT 
  36:Src/gpio.c    ****   * LIMITED TO, THE IMPLIED WARRANTIES OF MERCHANTABILITY, FITNESS FOR A 
  37:Src/gpio.c    ****   * PARTICULAR PURPOSE AND NON-INFRINGEMENT OF THIRD PARTY INTELLECTUAL PROPERTY
  38:Src/gpio.c    ****   * RIGHTS ARE DISCLAIMED TO THE FULLEST EXTENT PERMITTED BY LAW. IN NO EVENT 
  39:Src/gpio.c    ****   * SHALL STMICROELECTRONICS OR CONTRIBUTORS BE LIABLE FOR ANY DIRECT, INDIRECT,
  40:Src/gpio.c    ****   * INCIDENTAL, SPECIAL, EXEMPLARY, OR CONSEQUENTIAL DAMAGES (INCLUDING, BUT NOT
  41:Src/gpio.c    ****   * LIMITED TO, PROCUREMENT OF SUBSTITUTE GOODS OR SERVICES; LOSS OF USE, DATA, 
  42:Src/gpio.c    ****   * OR PROFITS; OR BUSINESS INTERRUPTION) HOWEVER CAUSED AND ON ANY THEORY OF 
  43:Src/gpio.c    ****   * LIABILITY, WHETHER IN CONTRACT, STRICT LIABILITY, OR TORT (INCLUDING 
  44:Src/gpio.c    ****   * NEGLIGENCE OR OTHERWISE) ARISING IN ANY WAY OUT OF THE USE OF THIS SOFTWARE,
  45:Src/gpio.c    ****   * EVEN IF ADVISED OF THE POSSIBILITY OF SUCH DAMAGE.
  46:Src/gpio.c    ****   *
  47:Src/gpio.c    ****   ******************************************************************************
  48:Src/gpio.c    ****   */
  49:Src/gpio.c    **** 
  50:Src/gpio.c    **** /* Includes ------------------------------------------------------------------*/
  51:Src/gpio.c    **** #include "gpio.h"
  52:Src/gpio.c    **** /* USER CODE BEGIN 0 */
  53:Src/gpio.c    **** 
  54:Src/gpio.c    **** /* USER CODE END 0 */
  55:Src/gpio.c    **** 
  56:Src/gpio.c    **** /*----------------------------------------------------------------------------*/
  57:Src/gpio.c    **** /* Configure GPIO                                                             */
  58:Src/gpio.c    **** /*----------------------------------------------------------------------------*/
  59:Src/gpio.c    **** /* USER CODE BEGIN 1 */
  60:Src/gpio.c    **** 
  61:Src/gpio.c    **** /* USER CODE END 1 */
  62:Src/gpio.c    **** 
  63:Src/gpio.c    **** /** Configure pins as 
  64:Src/gpio.c    ****         * Analog 
  65:Src/gpio.c    ****         * Input 
  66:Src/gpio.c    ****         * Output
  67:Src/gpio.c    ****         * EVENT_OUT
  68:Src/gpio.c    ****         * EXTI
  69:Src/gpio.c    **** */
  70:Src/gpio.c    **** void MX_GPIO_Init(void)
  71:Src/gpio.c    **** {
  28              		.loc 1 71 0
  29              		.cfi_startproc
  30              		@ args = 0, pretend = 0, frame = 56
  31              		@ frame_needed = 1, uses_anonymous_args = 0
  32 0000 80B5     		push	{r7, lr}
  33              	.LCFI0:
  34              		.cfi_def_cfa_offset 8
  35              		.cfi_offset 7, -8
  36              		.cfi_offset 14, -4
  37 0002 8EB0     		sub	sp, sp, #56
  38              	.LCFI1:
  39              		.cfi_def_cfa_offset 64
  40 0004 00AF     		add	r7, sp, #0
  41              	.LCFI2:
  42              		.cfi_def_cfa_register 7
  43              	.LBB2:
  72:Src/gpio.c    **** 
ARM GAS  /tmp/cc8iULC0.s 			page 3


  73:Src/gpio.c    ****   GPIO_InitTypeDef GPIO_InitStruct;
  74:Src/gpio.c    **** 
  75:Src/gpio.c    ****   /* GPIO Ports Clock Enable */
  76:Src/gpio.c    ****   __HAL_RCC_GPIOC_CLK_ENABLE();
  44              		.loc 1 76 0
  45 0006 7F4B     		ldr	r3, .L2
  46 0008 1B6B     		ldr	r3, [r3, #48]
  47 000a 7E4A     		ldr	r2, .L2
  48 000c 43F00403 		orr	r3, r3, #4
  49 0010 1363     		str	r3, [r2, #48]
  50 0012 7C4B     		ldr	r3, .L2
  51 0014 1B6B     		ldr	r3, [r3, #48]
  52 0016 03F00403 		and	r3, r3, #4
  53 001a 3B62     		str	r3, [r7, #32]
  54 001c 3B6A     		ldr	r3, [r7, #32]
  55              	.LBE2:
  56              	.LBB3:
  77:Src/gpio.c    ****   __HAL_RCC_GPIOF_CLK_ENABLE();
  57              		.loc 1 77 0
  58 001e 794B     		ldr	r3, .L2
  59 0020 1B6B     		ldr	r3, [r3, #48]
  60 0022 784A     		ldr	r2, .L2
  61 0024 43F02003 		orr	r3, r3, #32
  62 0028 1363     		str	r3, [r2, #48]
  63 002a 764B     		ldr	r3, .L2
  64 002c 1B6B     		ldr	r3, [r3, #48]
  65 002e 03F02003 		and	r3, r3, #32
  66 0032 FB61     		str	r3, [r7, #28]
  67 0034 FB69     		ldr	r3, [r7, #28]
  68              	.LBE3:
  69              	.LBB4:
  78:Src/gpio.c    ****   __HAL_RCC_GPIOH_CLK_ENABLE();
  70              		.loc 1 78 0
  71 0036 734B     		ldr	r3, .L2
  72 0038 1B6B     		ldr	r3, [r3, #48]
  73 003a 724A     		ldr	r2, .L2
  74 003c 43F08003 		orr	r3, r3, #128
  75 0040 1363     		str	r3, [r2, #48]
  76 0042 704B     		ldr	r3, .L2
  77 0044 1B6B     		ldr	r3, [r3, #48]
  78 0046 03F08003 		and	r3, r3, #128
  79 004a BB61     		str	r3, [r7, #24]
  80 004c BB69     		ldr	r3, [r7, #24]
  81              	.LBE4:
  82              	.LBB5:
  79:Src/gpio.c    ****   __HAL_RCC_GPIOA_CLK_ENABLE();
  83              		.loc 1 79 0
  84 004e 6D4B     		ldr	r3, .L2
  85 0050 1B6B     		ldr	r3, [r3, #48]
  86 0052 6C4A     		ldr	r2, .L2
  87 0054 43F00103 		orr	r3, r3, #1
  88 0058 1363     		str	r3, [r2, #48]
  89 005a 6A4B     		ldr	r3, .L2
  90 005c 1B6B     		ldr	r3, [r3, #48]
  91 005e 03F00103 		and	r3, r3, #1
  92 0062 7B61     		str	r3, [r7, #20]
  93 0064 7B69     		ldr	r3, [r7, #20]
ARM GAS  /tmp/cc8iULC0.s 			page 4


  94              	.LBE5:
  95              	.LBB6:
  80:Src/gpio.c    ****   __HAL_RCC_GPIOG_CLK_ENABLE();
  96              		.loc 1 80 0
  97 0066 674B     		ldr	r3, .L2
  98 0068 1B6B     		ldr	r3, [r3, #48]
  99 006a 664A     		ldr	r2, .L2
 100 006c 43F04003 		orr	r3, r3, #64
 101 0070 1363     		str	r3, [r2, #48]
 102 0072 644B     		ldr	r3, .L2
 103 0074 1B6B     		ldr	r3, [r3, #48]
 104 0076 03F04003 		and	r3, r3, #64
 105 007a 3B61     		str	r3, [r7, #16]
 106 007c 3B69     		ldr	r3, [r7, #16]
 107              	.LBE6:
 108              	.LBB7:
  81:Src/gpio.c    ****   __HAL_RCC_GPIOE_CLK_ENABLE();
 109              		.loc 1 81 0
 110 007e 614B     		ldr	r3, .L2
 111 0080 1B6B     		ldr	r3, [r3, #48]
 112 0082 604A     		ldr	r2, .L2
 113 0084 43F01003 		orr	r3, r3, #16
 114 0088 1363     		str	r3, [r2, #48]
 115 008a 5E4B     		ldr	r3, .L2
 116 008c 1B6B     		ldr	r3, [r3, #48]
 117 008e 03F01003 		and	r3, r3, #16
 118 0092 FB60     		str	r3, [r7, #12]
 119 0094 FB68     		ldr	r3, [r7, #12]
 120              	.LBE7:
 121              	.LBB8:
  82:Src/gpio.c    ****   __HAL_RCC_GPIOB_CLK_ENABLE();
 122              		.loc 1 82 0
 123 0096 5B4B     		ldr	r3, .L2
 124 0098 1B6B     		ldr	r3, [r3, #48]
 125 009a 5A4A     		ldr	r2, .L2
 126 009c 43F00203 		orr	r3, r3, #2
 127 00a0 1363     		str	r3, [r2, #48]
 128 00a2 584B     		ldr	r3, .L2
 129 00a4 1B6B     		ldr	r3, [r3, #48]
 130 00a6 03F00203 		and	r3, r3, #2
 131 00aa BB60     		str	r3, [r7, #8]
 132 00ac BB68     		ldr	r3, [r7, #8]
 133              	.LBE8:
 134              	.LBB9:
  83:Src/gpio.c    ****   __HAL_RCC_GPIOD_CLK_ENABLE();
 135              		.loc 1 83 0
 136 00ae 554B     		ldr	r3, .L2
 137 00b0 1B6B     		ldr	r3, [r3, #48]
 138 00b2 544A     		ldr	r2, .L2
 139 00b4 43F00803 		orr	r3, r3, #8
 140 00b8 1363     		str	r3, [r2, #48]
 141 00ba 524B     		ldr	r3, .L2
 142 00bc 1B6B     		ldr	r3, [r3, #48]
 143 00be 03F00803 		and	r3, r3, #8
 144 00c2 7B60     		str	r3, [r7, #4]
 145 00c4 7B68     		ldr	r3, [r7, #4]
 146              	.LBE9:
ARM GAS  /tmp/cc8iULC0.s 			page 5


  84:Src/gpio.c    **** 
  85:Src/gpio.c    ****   HAL_GPIO_WritePin(GPIOC, ENABLE_STEP1_PIN|ENABLE_STEP2_PIN, GPIO_PIN_RESET);
 147              		.loc 1 85 0
 148 00c6 0022     		movs	r2, #0
 149 00c8 3021     		movs	r1, #48
 150 00ca 4F48     		ldr	r0, .L2+4
 151 00cc FFF7FEFF 		bl	HAL_GPIO_WritePin
  86:Src/gpio.c    **** 
  87:Src/gpio.c    ****   /*Configure GPIO pin Output Level */
  88:Src/gpio.c    ****   HAL_GPIO_WritePin(GPIOG, LASER_EN_Pin|STEP4_AI1_Pin|STEP4_AI2_Pin|STEP4_BI2_Pin|STEP3_AI2_Pin|STE
 152              		.loc 1 88 0
 153 00d0 0022     		movs	r2, #0
 154 00d2 EE21     		movs	r1, #238
 155 00d4 4D48     		ldr	r0, .L2+8
 156 00d6 FFF7FEFF 		bl	HAL_GPIO_WritePin
  89:Src/gpio.c    **** 
  90:Src/gpio.c    ****   /*Configure GPIO pin Output Level */
  91:Src/gpio.c    ****   HAL_GPIO_WritePin(GPIOB, LED3_Pin|SP1_NSS_Pin|STEP1_BI2_Pin|STEP1_AI2_Pin|STEP1_AI1_Pin, GPIO_PIN
 157              		.loc 1 91 0
 158 00da 0022     		movs	r2, #0
 159 00dc 4FF24001 		movw	r1, #61504
 160 00e0 4B48     		ldr	r0, .L2+12
 161 00e2 FFF7FEFF 		bl	HAL_GPIO_WritePin
  92:Src/gpio.c    **** 
  93:Src/gpio.c    ****   /*Configure GPIO pin Output Level */
  94:Src/gpio.c    ****   HAL_GPIO_WritePin(GPIOD, STEP2_BI1_Pin|STEP2_BI2_Pin|STEP2_AI2_Pin|STEP1_BI1_Pin
 162              		.loc 1 94 0
 163 00e6 0022     		movs	r2, #0
 164 00e8 4FF61C51 		movw	r1, #64796
 165 00ec 4948     		ldr	r0, .L2+16
 166 00ee FFF7FEFF 		bl	HAL_GPIO_WritePin
  95:Src/gpio.c    ****                           |STEP2_AI1_Pin|STEP3_BI2_Pin|STEP3_BI1_Pin|GPS_ONOFF_Pin 
  96:Src/gpio.c    ****                           |GPS_RPFWRUP_Pin|GPS_RESET_Pin, GPIO_PIN_RESET);
  97:Src/gpio.c    **** 
  98:Src/gpio.c    ****   /*Configure GPIO pin : PtPin */
  99:Src/gpio.c    ****   GPIO_InitStruct.Pin = WKUP_Pin;
 167              		.loc 1 99 0
 168 00f2 0123     		movs	r3, #1
 169 00f4 7B62     		str	r3, [r7, #36]
 100:Src/gpio.c    ****   GPIO_InitStruct.Mode = GPIO_MODE_INPUT;
 170              		.loc 1 100 0
 171 00f6 0023     		movs	r3, #0
 172 00f8 BB62     		str	r3, [r7, #40]
 101:Src/gpio.c    ****   GPIO_InitStruct.Pull = GPIO_NOPULL;
 173              		.loc 1 101 0
 174 00fa 0023     		movs	r3, #0
 175 00fc FB62     		str	r3, [r7, #44]
 102:Src/gpio.c    ****   HAL_GPIO_Init(WKUP_GPIO_Port, &GPIO_InitStruct);
 176              		.loc 1 102 0
 177 00fe 07F12403 		add	r3, r7, #36
 178 0102 1946     		mov	r1, r3
 179 0104 4448     		ldr	r0, .L2+20
 180 0106 FFF7FEFF 		bl	HAL_GPIO_Init
 103:Src/gpio.c    **** 
 104:Src/gpio.c    ****   /*Configure GPIO pin : PtPin */
 105:Src/gpio.c    ****   GPIO_InitStruct.Pin = SFP_LOS_Pin;
 181              		.loc 1 105 0
ARM GAS  /tmp/cc8iULC0.s 			page 6


 182 010a 4FF48053 		mov	r3, #4096
 183 010e 7B62     		str	r3, [r7, #36]
 106:Src/gpio.c    ****   GPIO_InitStruct.Mode = GPIO_MODE_INPUT;
 184              		.loc 1 106 0
 185 0110 0023     		movs	r3, #0
 186 0112 BB62     		str	r3, [r7, #40]
 107:Src/gpio.c    ****   GPIO_InitStruct.Pull = GPIO_NOPULL;
 187              		.loc 1 107 0
 188 0114 0023     		movs	r3, #0
 189 0116 FB62     		str	r3, [r7, #44]
 108:Src/gpio.c    ****   HAL_GPIO_Init(SFP_LOS_GPIO_Port, &GPIO_InitStruct);
 190              		.loc 1 108 0
 191 0118 07F12403 		add	r3, r7, #36
 192 011c 1946     		mov	r1, r3
 193 011e 3F48     		ldr	r0, .L2+24
 194 0120 FFF7FEFF 		bl	HAL_GPIO_Init
 109:Src/gpio.c    **** 
 110:Src/gpio.c    ****   /*Configure GPIO pins : */
 111:Src/gpio.c    **** 
 112:Src/gpio.c    ****   GPIO_InitStruct.Pin = ENABLE_STEP1_PIN|ENABLE_STEP2_PIN;
 195              		.loc 1 112 0
 196 0124 3023     		movs	r3, #48
 197 0126 7B62     		str	r3, [r7, #36]
 113:Src/gpio.c    ****   GPIO_InitStruct.Mode = GPIO_MODE_OUTPUT_PP;
 198              		.loc 1 113 0
 199 0128 0123     		movs	r3, #1
 200 012a BB62     		str	r3, [r7, #40]
 114:Src/gpio.c    ****   GPIO_InitStruct.Pull = GPIO_NOPULL;
 201              		.loc 1 114 0
 202 012c 0023     		movs	r3, #0
 203 012e FB62     		str	r3, [r7, #44]
 115:Src/gpio.c    ****   GPIO_InitStruct.Speed = GPIO_SPEED_FREQ_LOW;
 204              		.loc 1 115 0
 205 0130 0023     		movs	r3, #0
 206 0132 3B63     		str	r3, [r7, #48]
 116:Src/gpio.c    ****   HAL_GPIO_Init(GPIOC, &GPIO_InitStruct);
 207              		.loc 1 116 0
 208 0134 07F12403 		add	r3, r7, #36
 209 0138 1946     		mov	r1, r3
 210 013a 3348     		ldr	r0, .L2+4
 211 013c FFF7FEFF 		bl	HAL_GPIO_Init
 117:Src/gpio.c    **** 
 118:Src/gpio.c    ****   /*Configure GPIO pins : */
 119:Src/gpio.c    **** 
 120:Src/gpio.c    ****   GPIO_InitStruct.Pin = STEP1_BREAK_Pin;
 212              		.loc 1 120 0
 213 0140 4FF40043 		mov	r3, #32768
 214 0144 7B62     		str	r3, [r7, #36]
 121:Src/gpio.c    ****   GPIO_InitStruct.Mode = GPIO_MODE_INPUT;
 215              		.loc 1 121 0
 216 0146 0023     		movs	r3, #0
 217 0148 BB62     		str	r3, [r7, #40]
 122:Src/gpio.c    ****   GPIO_InitStruct.Pull = GPIO_NOPULL;
 218              		.loc 1 122 0
 219 014a 0023     		movs	r3, #0
 220 014c FB62     		str	r3, [r7, #44]
 123:Src/gpio.c    ****   HAL_GPIO_Init(STEP1_BREAK_GPIO_Port, &GPIO_InitStruct);
ARM GAS  /tmp/cc8iULC0.s 			page 7


 221              		.loc 1 123 0
 222 014e 07F12403 		add	r3, r7, #36
 223 0152 1946     		mov	r1, r3
 224 0154 3248     		ldr	r0, .L2+28
 225 0156 FFF7FEFF 		bl	HAL_GPIO_Init
 124:Src/gpio.c    **** 
 125:Src/gpio.c    ****   /*Configure GPIO pins : */
 126:Src/gpio.c    **** 
 127:Src/gpio.c    ****   GPIO_InitStruct.Pin = STEP2_BREAK_Pin;
 226              		.loc 1 127 0
 227 015a 0223     		movs	r3, #2
 228 015c 7B62     		str	r3, [r7, #36]
 128:Src/gpio.c    ****   GPIO_InitStruct.Mode = GPIO_MODE_INPUT;
 229              		.loc 1 128 0
 230 015e 0023     		movs	r3, #0
 231 0160 BB62     		str	r3, [r7, #40]
 129:Src/gpio.c    ****   GPIO_InitStruct.Pull = GPIO_NOPULL;
 232              		.loc 1 129 0
 233 0162 0023     		movs	r3, #0
 234 0164 FB62     		str	r3, [r7, #44]
 130:Src/gpio.c    ****   HAL_GPIO_Init(STEP2_BREAK_GPIO_Port, &GPIO_InitStruct);
 235              		.loc 1 130 0
 236 0166 07F12403 		add	r3, r7, #36
 237 016a 1946     		mov	r1, r3
 238 016c 2648     		ldr	r0, .L2+4
 239 016e FFF7FEFF 		bl	HAL_GPIO_Init
 131:Src/gpio.c    **** 
 132:Src/gpio.c    ****   /*Configure GPIO pins : PGPin PGPin PGPin PGPin 
 133:Src/gpio.c    ****                            PGPin PGPin PGPin */
 134:Src/gpio.c    ****   GPIO_InitStruct.Pin = LASER_EN_Pin|STEP3_AI2_Pin|STEP3_AI1_Pin
 240              		.loc 1 134 0
 241 0172 4FF4F773 		mov	r3, #494
 242 0176 7B62     		str	r3, [r7, #36]
 135:Src/gpio.c    ****                         |STEP4_AI1_Pin|STEP4_AI2_Pin|STEP4_BI2_Pin|STEP4_BI1_Pin;
 136:Src/gpio.c    ****   GPIO_InitStruct.Mode = GPIO_MODE_OUTPUT_PP;
 243              		.loc 1 136 0
 244 0178 0123     		movs	r3, #1
 245 017a BB62     		str	r3, [r7, #40]
 137:Src/gpio.c    ****   GPIO_InitStruct.Pull = GPIO_NOPULL;
 246              		.loc 1 137 0
 247 017c 0023     		movs	r3, #0
 248 017e FB62     		str	r3, [r7, #44]
 138:Src/gpio.c    ****   GPIO_InitStruct.Speed = GPIO_SPEED_FREQ_LOW;
 249              		.loc 1 138 0
 250 0180 0023     		movs	r3, #0
 251 0182 3B63     		str	r3, [r7, #48]
 139:Src/gpio.c    ****   HAL_GPIO_Init(GPIOG, &GPIO_InitStruct);
 252              		.loc 1 139 0
 253 0184 07F12403 		add	r3, r7, #36
 254 0188 1946     		mov	r1, r3
 255 018a 2048     		ldr	r0, .L2+8
 256 018c FFF7FEFF 		bl	HAL_GPIO_Init
 140:Src/gpio.c    **** 
 141:Src/gpio.c    ****   /*Configure GPIO pins : PBPin PBPin PBPin PBPin */
 142:Src/gpio.c    ****   GPIO_InitStruct.Pin = LED3_Pin|SP1_NSS_Pin|STEP1_BI2_Pin|STEP1_AI2_Pin|STEP1_AI1_Pin;
 257              		.loc 1 142 0
 258 0190 4FF24003 		movw	r3, #61504
ARM GAS  /tmp/cc8iULC0.s 			page 8


 259 0194 7B62     		str	r3, [r7, #36]
 143:Src/gpio.c    ****   GPIO_InitStruct.Mode = GPIO_MODE_OUTPUT_PP;
 260              		.loc 1 143 0
 261 0196 0123     		movs	r3, #1
 262 0198 BB62     		str	r3, [r7, #40]
 144:Src/gpio.c    ****   GPIO_InitStruct.Pull = GPIO_NOPULL;
 263              		.loc 1 144 0
 264 019a 0023     		movs	r3, #0
 265 019c FB62     		str	r3, [r7, #44]
 145:Src/gpio.c    ****   GPIO_InitStruct.Speed = GPIO_SPEED_FREQ_LOW;
 266              		.loc 1 145 0
 267 019e 0023     		movs	r3, #0
 268 01a0 3B63     		str	r3, [r7, #48]
 146:Src/gpio.c    ****   HAL_GPIO_Init(GPIOB, &GPIO_InitStruct);
 269              		.loc 1 146 0
 270 01a2 07F12403 		add	r3, r7, #36
 271 01a6 1946     		mov	r1, r3
 272 01a8 1948     		ldr	r0, .L2+12
 273 01aa FFF7FEFF 		bl	HAL_GPIO_Init
 147:Src/gpio.c    **** 
 148:Src/gpio.c    ****   GPIO_InitStruct.Pin = GPS_RPFWRUP_Pin;
 274              		.loc 1 148 0
 275 01ae 0823     		movs	r3, #8
 276 01b0 7B62     		str	r3, [r7, #36]
 149:Src/gpio.c    ****   GPIO_InitStruct.Mode = GPIO_MODE_INPUT;
 277              		.loc 1 149 0
 278 01b2 0023     		movs	r3, #0
 279 01b4 BB62     		str	r3, [r7, #40]
 150:Src/gpio.c    ****   GPIO_InitStruct.Pull = GPIO_NOPULL;
 280              		.loc 1 150 0
 281 01b6 0023     		movs	r3, #0
 282 01b8 FB62     		str	r3, [r7, #44]
 151:Src/gpio.c    ****   HAL_GPIO_Init(GPS_RPFWRUP_GPIO_Port, &GPIO_InitStruct);
 283              		.loc 1 151 0
 284 01ba 07F12403 		add	r3, r7, #36
 285 01be 1946     		mov	r1, r3
 286 01c0 1448     		ldr	r0, .L2+16
 287 01c2 FFF7FEFF 		bl	HAL_GPIO_Init
 152:Src/gpio.c    **** 
 153:Src/gpio.c    ****   /*Configure GPIO pins : PDPin PDPin PDPin PDPin 
 154:Src/gpio.c    ****                            PDPin PDPin PDPin PDPin 
 155:Src/gpio.c    ****                            PDPin PDPin */
 156:Src/gpio.c    ****   GPIO_InitStruct.Pin = STEP2_BI1_Pin|STEP2_BI2_Pin|STEP2_AI2_Pin|STEP1_BI1_Pin
 288              		.loc 1 156 0
 289 01c6 4FF61453 		movw	r3, #64788
 290 01ca 7B62     		str	r3, [r7, #36]
 157:Src/gpio.c    ****                           |STEP2_AI1_Pin|STEP3_BI2_Pin|STEP3_BI1_Pin|GPS_ONOFF_Pin 
 158:Src/gpio.c    ****                           |GPS_RESET_Pin;
 159:Src/gpio.c    ****   GPIO_InitStruct.Mode = GPIO_MODE_OUTPUT_PP;
 291              		.loc 1 159 0
 292 01cc 0123     		movs	r3, #1
 293 01ce BB62     		str	r3, [r7, #40]
 160:Src/gpio.c    ****   GPIO_InitStruct.Pull = GPIO_NOPULL;
 294              		.loc 1 160 0
 295 01d0 0023     		movs	r3, #0
 296 01d2 FB62     		str	r3, [r7, #44]
 161:Src/gpio.c    ****   GPIO_InitStruct.Speed = GPIO_SPEED_FREQ_LOW;
ARM GAS  /tmp/cc8iULC0.s 			page 9


 297              		.loc 1 161 0
 298 01d4 0023     		movs	r3, #0
 299 01d6 3B63     		str	r3, [r7, #48]
 162:Src/gpio.c    ****   HAL_GPIO_Init(GPIOD, &GPIO_InitStruct);
 300              		.loc 1 162 0
 301 01d8 07F12403 		add	r3, r7, #36
 302 01dc 1946     		mov	r1, r3
 303 01de 0D48     		ldr	r0, .L2+16
 304 01e0 FFF7FEFF 		bl	HAL_GPIO_Init
 163:Src/gpio.c    **** 
 164:Src/gpio.c    ****   /*Configure GPIO pin : PtPin */
 165:Src/gpio.c    ****   GPIO_InitStruct.Pin = BUTTON2_Pin;
 305              		.loc 1 165 0
 306 01e4 0223     		movs	r3, #2
 307 01e6 7B62     		str	r3, [r7, #36]
 166:Src/gpio.c    ****   GPIO_InitStruct.Mode = GPIO_MODE_INPUT;
 308              		.loc 1 166 0
 309 01e8 0023     		movs	r3, #0
 310 01ea BB62     		str	r3, [r7, #40]
 167:Src/gpio.c    ****   GPIO_InitStruct.Pull = GPIO_NOPULL;
 311              		.loc 1 167 0
 312 01ec 0023     		movs	r3, #0
 313 01ee FB62     		str	r3, [r7, #44]
 168:Src/gpio.c    ****   HAL_GPIO_Init(BUTTON2_GPIO_Port, &GPIO_InitStruct);
 314              		.loc 1 168 0
 315 01f0 07F12403 		add	r3, r7, #36
 316 01f4 1946     		mov	r1, r3
 317 01f6 0748     		ldr	r0, .L2+16
 318 01f8 FFF7FEFF 		bl	HAL_GPIO_Init
 169:Src/gpio.c    **** 
 170:Src/gpio.c    **** }
 319              		.loc 1 170 0
 320 01fc 00BF     		nop
 321 01fe 3837     		adds	r7, r7, #56
 322              	.LCFI3:
 323              		.cfi_def_cfa_offset 8
 324 0200 BD46     		mov	sp, r7
 325              	.LCFI4:
 326              		.cfi_def_cfa_register 13
 327              		@ sp needed
 328 0202 80BD     		pop	{r7, pc}
 329              	.L3:
 330              		.align	2
 331              	.L2:
 332 0204 00380240 		.word	1073887232
 333 0208 00080240 		.word	1073874944
 334 020c 00180240 		.word	1073879040
 335 0210 00040240 		.word	1073873920
 336 0214 000C0240 		.word	1073875968
 337 0218 00000240 		.word	1073872896
 338 021c 00140240 		.word	1073878016
 339 0220 00100240 		.word	1073876992
 340              		.cfi_endproc
 341              	.LFE138:
 343              		.text
 344              	.Letext0:
 345              		.file 2 "/usr/lib/gcc/arm-none-eabi/7.3.1/include/stdint-gcc.h"
ARM GAS  /tmp/cc8iULC0.s 			page 10


 346              		.file 3 "Drivers/CMSIS/Include/core_cm7.h"
 347              		.file 4 "Drivers/CMSIS/Device/ST/STM32F7xx/Include/system_stm32f7xx.h"
 348              		.file 5 "Drivers/CMSIS/Device/ST/STM32F7xx/Include/stm32f746xx.h"
 349              		.file 6 "/usr/include/newlib/sys/lock.h"
 350              		.file 7 "/usr/include/newlib/sys/_types.h"
 351              		.file 8 "/usr/lib/gcc/arm-none-eabi/7.3.1/include/stddef.h"
 352              		.file 9 "/usr/include/newlib/sys/reent.h"
 353              		.file 10 "Drivers/STM32F7xx_HAL_Driver/Inc/stm32f7xx_hal_gpio.h"
ARM GAS  /tmp/cc8iULC0.s 			page 11


DEFINED SYMBOLS
                            *ABS*:0000000000000000 gpio.c
     /tmp/cc8iULC0.s:18     .text.MX_GPIO_Init:0000000000000000 $t
     /tmp/cc8iULC0.s:25     .text.MX_GPIO_Init:0000000000000000 MX_GPIO_Init
     /tmp/cc8iULC0.s:332    .text.MX_GPIO_Init:0000000000000204 $d

UNDEFINED SYMBOLS
HAL_GPIO_WritePin
HAL_GPIO_Init
