ARM GAS  /tmp/cc6KJeq5.s 			page 1


   1              		.cpu cortex-m7
   2              		.eabi_attribute 27, 1
   3              		.eabi_attribute 28, 1
   4              		.eabi_attribute 20, 1
   5              		.eabi_attribute 21, 1
   6              		.eabi_attribute 23, 3
   7              		.eabi_attribute 24, 1
   8              		.eabi_attribute 25, 1
   9              		.eabi_attribute 26, 1
  10              		.eabi_attribute 30, 6
  11              		.eabi_attribute 34, 1
  12              		.eabi_attribute 18, 4
  13              		.file	"sensorops.c"
  14              		.text
  15              	.Ltext0:
  16              		.cfi_sections	.debug_frame
  17              		.comm	gpsData,416,4
  18              		.comm	sensorValues,20,4
  19              		.comm	gyroscopeValues,12,4
  20              		.comm	calibration,4,4
  21              		.comm	setting_enable,1,1
  22              		.comm	motor1,20,4
  23              		.comm	motor2,20,4
  24              		.comm	servo1,16,4
  25              		.comm	servo2,16,4
  26              		.comm	gpsThreadHandle,4,4
  27              		.comm	sensorThreadHandle,4,4
  28              		.comm	spiComThreadHandle,4,4
  29              		.comm	motorThreadHandle,4,4
  30              		.comm	spiMutexHandle,4,4
  31              		.comm	uartMutexHandle,4,4
  32              		.comm	controlMutexHandle,4,4
  33              		.comm	spiSemaphoreHandle,4,4
  34              		.comm	uartSemaphoreHandle,4,4
  35              		.comm	SpiCheckData,4,4
  36              		.comm	SpiTxData,4,4
  37              		.comm	SpiRxData,4,4
  38              		.comm	EnvironmentData,4,4
  39              		.comm	ControlData,4,4
  40              		.comm	UpdateFile,4,4
  41              		.comm	SensorCalibrationNeeded,4,4
  42              		.comm	rx_buf,1,1
  43              		.section	.rodata
  44              		.align	2
  45              	.LC0:
  46 0000 73656E73 		.ascii	"sensorOps\015\012\000"
  46      6F724F70 
  46      730D0A00 
  47              		.align	2
  48              	.LC1:
  49 000c 53656E73 		.ascii	"Sensor Calibration Started. \015\012\000"
  49      6F722043 
  49      616C6962 
  49      72617469 
  49      6F6E2053 
  50              		.section	.text.sensorOps,"ax",%progbits
  51              		.align	1
ARM GAS  /tmp/cc6KJeq5.s 			page 2


  52              		.global	sensorOps
  53              		.syntax unified
  54              		.thumb
  55              		.thumb_func
  56              		.fpu fpv4-sp-d16
  58              	sensorOps:
  59              	.LFB143:
  60              		.file 1 "Src/sensorops.c"
   1:Src/sensorops.c **** #include "sensorops.h"
   2:Src/sensorops.c **** 
   3:Src/sensorops.c **** 
   4:Src/sensorops.c **** /* sensorOps function */
   5:Src/sensorops.c **** void sensorOps(void const * argument)
   6:Src/sensorops.c **** {
  61              		.loc 1 6 0
  62              		.cfi_startproc
  63              		@ args = 0, pretend = 0, frame = 8
  64              		@ frame_needed = 1, uses_anonymous_args = 0
  65 0000 80B5     		push	{r7, lr}
  66              	.LCFI0:
  67              		.cfi_def_cfa_offset 8
  68              		.cfi_offset 7, -8
  69              		.cfi_offset 14, -4
  70 0002 82B0     		sub	sp, sp, #8
  71              	.LCFI1:
  72              		.cfi_def_cfa_offset 16
  73 0004 00AF     		add	r7, sp, #0
  74              	.LCFI2:
  75              		.cfi_def_cfa_register 7
  76 0006 7860     		str	r0, [r7, #4]
   7:Src/sensorops.c **** 
   8:Src/sensorops.c ****   mprintf("sensorOps\r\n");
  77              		.loc 1 8 0
  78 0008 2D48     		ldr	r0, .L5
  79 000a FFF7FEFF 		bl	mprintf
   9:Src/sensorops.c **** 
  10:Src/sensorops.c ****   sensorInit();
  80              		.loc 1 10 0
  81 000e FFF7FEFF 		bl	sensorInit
  82              	.L4:
  11:Src/sensorops.c **** 
  12:Src/sensorops.c **** 
  13:Src/sensorops.c ****   while(1)
  14:Src/sensorops.c ****   {
  15:Src/sensorops.c **** 
  16:Src/sensorops.c ****       if(calibration.available == 1)
  83              		.loc 1 16 0
  84 0012 2C4B     		ldr	r3, .L5+4
  85 0014 1B68     		ldr	r3, [r3]
  86 0016 012B     		cmp	r3, #1
  87 0018 08D1     		bne	.L2
  17:Src/sensorops.c ****       {
  18:Src/sensorops.c ****           mprintf("Sensor Calibration Started. \r\n");
  88              		.loc 1 18 0
  89 001a 2B48     		ldr	r0, .L5+8
  90 001c FFF7FEFF 		bl	mprintf
  19:Src/sensorops.c **** 
ARM GAS  /tmp/cc6KJeq5.s 			page 3


  20:Src/sensorops.c ****           calibration.available = 0;
  91              		.loc 1 20 0
  92 0020 284B     		ldr	r3, .L5+4
  93 0022 0022     		movs	r2, #0
  94 0024 1A60     		str	r2, [r3]
  21:Src/sensorops.c ****           calibrateCompass();
  95              		.loc 1 21 0
  96 0026 FFF7FEFF 		bl	calibrateCompass
  97 002a F2E7     		b	.L4
  98              	.L2:
  22:Src/sensorops.c ****       }
  23:Src/sensorops.c ****       else
  24:Src/sensorops.c ****       {
  25:Src/sensorops.c **** 
  26:Src/sensorops.c ****           readAllSensors();
  99              		.loc 1 26 0
 100 002c FFF7FEFF 		bl	readAllSensors
  27:Src/sensorops.c **** 
  28:Src/sensorops.c ****           xSemaphoreTake(spiMutexHandle, portMAX_DELAY);
 101              		.loc 1 28 0
 102 0030 264B     		ldr	r3, .L5+12
 103 0032 1868     		ldr	r0, [r3]
 104 0034 0023     		movs	r3, #0
 105 0036 4FF0FF32 		mov	r2, #-1
 106 003a 0021     		movs	r1, #0
 107 003c FFF7FEFF 		bl	xQueueGenericReceive
  29:Src/sensorops.c **** 
  30:Src/sensorops.c ****               EnvironmentData -> sensor_data.temperature = sensorValues.temperature;
 108              		.loc 1 30 0
 109 0040 234B     		ldr	r3, .L5+16
 110 0042 9A68     		ldr	r2, [r3, #8]
 111 0044 234B     		ldr	r3, .L5+20
 112 0046 1B68     		ldr	r3, [r3]
 113 0048 9A65     		str	r2, [r3, #88]
  31:Src/sensorops.c ****               EnvironmentData -> sensor_data.pressure = sensorValues.pressure;
 114              		.loc 1 31 0
 115 004a 214B     		ldr	r3, .L5+16
 116 004c 1A68     		ldr	r2, [r3]
 117 004e 214B     		ldr	r3, .L5+20
 118 0050 1B68     		ldr	r3, [r3]
 119 0052 1A66     		str	r2, [r3, #96]
  32:Src/sensorops.c ****               EnvironmentData -> sensor_data.altitude = sensorValues.altitude;
 120              		.loc 1 32 0
 121 0054 1E4B     		ldr	r3, .L5+16
 122 0056 5A68     		ldr	r2, [r3, #4]
 123 0058 1E4B     		ldr	r3, .L5+20
 124 005a 1B68     		ldr	r3, [r3]
 125 005c 5A66     		str	r2, [r3, #100]
  33:Src/sensorops.c ****               EnvironmentData -> sensor_data.wheather_condition = sensorValues.wheather_condition;
 126              		.loc 1 33 0
 127 005e 1D4B     		ldr	r3, .L5+20
 128 0060 1B68     		ldr	r3, [r3]
 129 0062 1B4A     		ldr	r2, .L5+16
 130 0064 127B     		ldrb	r2, [r2, #12]	@ zero_extendqisi2
 131 0066 83F86820 		strb	r2, [r3, #104]
  34:Src/sensorops.c ****               EnvironmentData -> sensor_data.compass_degree = sensorValues.compass_degree;
 132              		.loc 1 34 0
ARM GAS  /tmp/cc6KJeq5.s 			page 4


 133 006a 194B     		ldr	r3, .L5+16
 134 006c 1A69     		ldr	r2, [r3, #16]
 135 006e 194B     		ldr	r3, .L5+20
 136 0070 1B68     		ldr	r3, [r3]
 137 0072 DA65     		str	r2, [r3, #92]
  35:Src/sensorops.c **** 
  36:Src/sensorops.c ****               EnvironmentData -> gyroscope_data.accel_x = 2;
 138              		.loc 1 36 0
 139 0074 174B     		ldr	r3, .L5+20
 140 0076 1B68     		ldr	r3, [r3]
 141 0078 0222     		movs	r2, #2
 142 007a A3F86C20 		strh	r2, [r3, #108]	@ movhi
  37:Src/sensorops.c ****               EnvironmentData -> gyroscope_data.accel_y = 2;
 143              		.loc 1 37 0
 144 007e 154B     		ldr	r3, .L5+20
 145 0080 1B68     		ldr	r3, [r3]
 146 0082 0222     		movs	r2, #2
 147 0084 A3F86E20 		strh	r2, [r3, #110]	@ movhi
  38:Src/sensorops.c ****               EnvironmentData -> gyroscope_data.accel_z = 2;
 148              		.loc 1 38 0
 149 0088 124B     		ldr	r3, .L5+20
 150 008a 1B68     		ldr	r3, [r3]
 151 008c 0222     		movs	r2, #2
 152 008e A3F87020 		strh	r2, [r3, #112]	@ movhi
  39:Src/sensorops.c **** 
  40:Src/sensorops.c ****               EnvironmentData -> gyroscope_data.gyro_x = 2;
 153              		.loc 1 40 0
 154 0092 104B     		ldr	r3, .L5+20
 155 0094 1B68     		ldr	r3, [r3]
 156 0096 0222     		movs	r2, #2
 157 0098 A3F87220 		strh	r2, [r3, #114]	@ movhi
  41:Src/sensorops.c ****               EnvironmentData -> gyroscope_data.gyro_y = 2;
 158              		.loc 1 41 0
 159 009c 0D4B     		ldr	r3, .L5+20
 160 009e 1B68     		ldr	r3, [r3]
 161 00a0 0222     		movs	r2, #2
 162 00a2 A3F87420 		strh	r2, [r3, #116]	@ movhi
  42:Src/sensorops.c ****               EnvironmentData -> gyroscope_data.gyro_z = 2;
 163              		.loc 1 42 0
 164 00a6 0B4B     		ldr	r3, .L5+20
 165 00a8 1B68     		ldr	r3, [r3]
 166 00aa 0222     		movs	r2, #2
 167 00ac A3F87620 		strh	r2, [r3, #118]	@ movhi
  43:Src/sensorops.c **** 
  44:Src/sensorops.c **** 
  45:Src/sensorops.c ****           xSemaphoreGive(spiMutexHandle);
 168              		.loc 1 45 0
 169 00b0 064B     		ldr	r3, .L5+12
 170 00b2 1868     		ldr	r0, [r3]
 171 00b4 0023     		movs	r3, #0
 172 00b6 0022     		movs	r2, #0
 173 00b8 0021     		movs	r1, #0
 174 00ba FFF7FEFF 		bl	xQueueGenericSend
  16:Src/sensorops.c ****       {
 175              		.loc 1 16 0
 176 00be A8E7     		b	.L4
 177              	.L6:
ARM GAS  /tmp/cc6KJeq5.s 			page 5


 178              		.align	2
 179              	.L5:
 180 00c0 00000000 		.word	.LC0
 181 00c4 00000000 		.word	calibration
 182 00c8 0C000000 		.word	.LC1
 183 00cc 00000000 		.word	spiMutexHandle
 184 00d0 00000000 		.word	sensorValues
 185 00d4 00000000 		.word	EnvironmentData
 186              		.cfi_endproc
 187              	.LFE143:
 189              		.text
 190              	.Letext0:
 191              		.file 2 "/usr/lib/gcc/arm-none-eabi/7.3.1/include/stdint-gcc.h"
 192              		.file 3 "Inc/main.h"
 193              		.file 4 "Drivers/CMSIS/Include/core_cm7.h"
 194              		.file 5 "Drivers/CMSIS/Device/ST/STM32F7xx/Include/system_stm32f7xx.h"
 195              		.file 6 "Drivers/CMSIS/Device/ST/STM32F7xx/Include/stm32f746xx.h"
 196              		.file 7 "/usr/include/newlib/sys/lock.h"
 197              		.file 8 "/usr/include/newlib/sys/_types.h"
 198              		.file 9 "/usr/lib/gcc/arm-none-eabi/7.3.1/include/stddef.h"
 199              		.file 10 "/usr/include/newlib/sys/reent.h"
 200              		.file 11 "Drivers/STM32F7xx_HAL_Driver/Inc/stm32f7xx_hal_def.h"
 201              		.file 12 "Drivers/STM32F7xx_HAL_Driver/Inc/stm32f7xx_hal_dma.h"
 202              		.file 13 "Drivers/STM32F7xx_HAL_Driver/Inc/stm32f7xx_hal_spi.h"
 203              		.file 14 "Drivers/STM32F7xx_HAL_Driver/Inc/stm32f7xx_hal_tim.h"
 204              		.file 15 "Drivers/STM32F7xx_HAL_Driver/Inc/stm32f7xx_hal_uart.h"
 205              		.file 16 "Middlewares/Third_Party/FreeRTOS/Source/portable/GCC/ARM_CM7/r0p1/portmacro.h"
 206              		.file 17 "Middlewares/Third_Party/FreeRTOS/Source/include/task.h"
 207              		.file 18 "Middlewares/Third_Party/FreeRTOS/Source/include/queue.h"
 208              		.file 19 "Middlewares/Third_Party/FreeRTOS/Source/include/semphr.h"
 209              		.file 20 "Middlewares/Third_Party/FreeRTOS/Source/CMSIS_RTOS/cmsis_os.h"
 210              		.file 21 "Inc/gps.h"
 211              		.file 22 "Inc/sensor.h"
 212              		.file 23 "Inc/motor.h"
 213              		.file 24 "Inc/usart.h"
 214              		.file 25 "Inc/spi.h"
 215              		.file 26 "Inc/tim.h"
 216              		.file 27 "Inc/freertos.h"
ARM GAS  /tmp/cc6KJeq5.s 			page 6


DEFINED SYMBOLS
                            *ABS*:0000000000000000 sensorops.c
                            *COM*:00000000000001a0 gpsData
                            *COM*:0000000000000014 sensorValues
                            *COM*:000000000000000c gyroscopeValues
                            *COM*:0000000000000004 calibration
                            *COM*:0000000000000001 setting_enable
                            *COM*:0000000000000014 motor1
                            *COM*:0000000000000014 motor2
                            *COM*:0000000000000010 servo1
                            *COM*:0000000000000010 servo2
                            *COM*:0000000000000004 gpsThreadHandle
                            *COM*:0000000000000004 sensorThreadHandle
                            *COM*:0000000000000004 spiComThreadHandle
                            *COM*:0000000000000004 motorThreadHandle
                            *COM*:0000000000000004 spiMutexHandle
                            *COM*:0000000000000004 uartMutexHandle
                            *COM*:0000000000000004 controlMutexHandle
                            *COM*:0000000000000004 spiSemaphoreHandle
                            *COM*:0000000000000004 uartSemaphoreHandle
                            *COM*:0000000000000004 SpiCheckData
                            *COM*:0000000000000004 SpiTxData
                            *COM*:0000000000000004 SpiRxData
                            *COM*:0000000000000004 EnvironmentData
                            *COM*:0000000000000004 ControlData
                            *COM*:0000000000000004 UpdateFile
                            *COM*:0000000000000004 SensorCalibrationNeeded
                            *COM*:0000000000000001 rx_buf
     /tmp/cc6KJeq5.s:44     .rodata:0000000000000000 $d
     /tmp/cc6KJeq5.s:51     .text.sensorOps:0000000000000000 $t
     /tmp/cc6KJeq5.s:58     .text.sensorOps:0000000000000000 sensorOps
     /tmp/cc6KJeq5.s:180    .text.sensorOps:00000000000000c0 $d

UNDEFINED SYMBOLS
mprintf
sensorInit
calibrateCompass
readAllSensors
xQueueGenericReceive
xQueueGenericSend
